This is pdfTeX, Version 3.141592653-2.6-1.40.24 (MiKTeX 21.12.10) (preloaded format=pdflatex 2022.1.10)  11 JAN 2023 15:59
entering extended mode
 restricted \write18 enabled.
 file:line:error style messages enabled.
 %&-line parsing enabled.
**"c:/Users/admin/Desktop/School/UW/2022-2023/Winter/AMATH 568/HW1/HW.tex"
(c:/Users/admin/Desktop/School/UW/2022-2023/Winter/AMATH 568/HW1/HW.tex
LaTeX2e <2021-11-15> patch level 1
L3 programming layer <2021-11-22> (C:\Users\admin\AppData\Local\Programs\MiKTeX\tex/latex/base\report.cls
Document Class: report 2021/10/04 v1.4n Standard LaTeX document class
(C:\Users\admin\AppData\Local\Programs\MiKTeX\tex/latex/base\size12.clo
File: size12.clo 2021/10/04 v1.4n Standard LaTeX file (size option)
)
\c@part=\count183
\c@chapter=\count184
\c@section=\count185
\c@subsection=\count186
\c@subsubsection=\count187
\c@paragraph=\count188
\c@subparagraph=\count189
\c@figure=\count190
\c@table=\count191
\abovecaptionskip=\skip47
\belowcaptionskip=\skip48
\bibindent=\dimen138
) (C:\Users\admin\AppData\Local\Programs\MiKTeX\tex/latex/amsfonts\amssymb.sty
Package: amssymb 2013/01/14 v3.01 AMS font symbols
 (C:\Users\admin\AppData\Local\Programs\MiKTeX\tex/latex/amsfonts\amsfonts.sty
Package: amsfonts 2013/01/14 v3.01 Basic AMSFonts support
\@emptytoks=\toks16
\symAMSa=\mathgroup4
\symAMSb=\mathgroup5
LaTeX Font Info:    Redeclaring math symbol \hbar on input line 98.
LaTeX Font Info:    Overwriting math alphabet `\mathfrak' in version `bold'
(Font)                  U/euf/m/n --> U/euf/b/n on input line 106.
)) (C:\Users\admin\AppData\Local\Programs\MiKTeX\tex/latex/preprint\fullpage.sty
Package: fullpage 1999/02/23 1.1 (PWD)
\FP@margin=\skip49
) (C:\Users\admin\AppData\Local\Programs\MiKTeX\tex/latex/amsmath\amsmath.sty
Package: amsmath 2021/10/15 v2.17l AMS math features
\@mathmargin=\skip50

For additional information on amsmath, use the `?' option.
(C:\Users\admin\AppData\Local\Programs\MiKTeX\tex/latex/amsmath\amstext.sty
Package: amstext 2021/08/26 v2.01 AMS text
 (C:\Users\admin\AppData\Local\Programs\MiKTeX\tex/latex/amsmath\amsgen.sty
File: amsgen.sty 1999/11/30 v2.0 generic functions
\@emptytoks=\toks17
\ex@=\dimen139
)) (C:\Users\admin\AppData\Local\Programs\MiKTeX\tex/latex/amsmath\amsbsy.sty
Package: amsbsy 1999/11/29 v1.2d Bold Symbols
\pmbraise@=\dimen140
) (C:\Users\admin\AppData\Local\Programs\MiKTeX\tex/latex/amsmath\amsopn.sty
Package: amsopn 2021/08/26 v2.02 operator names
)
\inf@bad=\count192
LaTeX Info: Redefining \frac on input line 234.
\uproot@=\count193
\leftroot@=\count194
LaTeX Info: Redefining \overline on input line 399.
\classnum@=\count195
\DOTSCASE@=\count196
LaTeX Info: Redefining \ldots on input line 496.
LaTeX Info: Redefining \dots on input line 499.
LaTeX Info: Redefining \cdots on input line 620.
\Mathstrutbox@=\box50
\strutbox@=\box51
\big@size=\dimen141
LaTeX Font Info:    Redeclaring font encoding OML on input line 743.
LaTeX Font Info:    Redeclaring font encoding OMS on input line 744.
\macc@depth=\count197
\c@MaxMatrixCols=\count198
\dotsspace@=\muskip16
\c@parentequation=\count199
\dspbrk@lvl=\count266
\tag@help=\toks18
\row@=\count267
\column@=\count268
\maxfields@=\count269
\andhelp@=\toks19
\eqnshift@=\dimen142
\alignsep@=\dimen143
\tagshift@=\dimen144
\tagwidth@=\dimen145
\totwidth@=\dimen146
\lineht@=\dimen147
\@envbody=\toks20
\multlinegap=\skip51
\multlinetaggap=\skip52
\mathdisplay@stack=\toks21
LaTeX Info: Redefining \[ on input line 2938.
LaTeX Info: Redefining \] on input line 2939.
) (C:\Users\admin\AppData\Local\Programs\MiKTeX\tex/latex/esint\esint.sty
Package: esint 
\symlargesymbolsA=\mathgroup6
) (C:\Users\admin\AppData\Local\Programs\MiKTeX\tex/latex/graphics\graphicx.sty
Package: graphicx 2021/09/16 v1.2d Enhanced LaTeX Graphics (DPC,SPQR)
 (C:\Users\admin\AppData\Local\Programs\MiKTeX\tex/latex/graphics\keyval.sty
Package: keyval 2014/10/28 v1.15 key=value parser (DPC)
\KV@toks@=\toks22
) (C:\Users\admin\AppData\Local\Programs\MiKTeX\tex/latex/graphics\graphics.sty
Package: graphics 2021/03/04 v1.4d Standard LaTeX Graphics (DPC,SPQR)
 (C:\Users\admin\AppData\Local\Programs\MiKTeX\tex/latex/graphics\trig.sty
Package: trig 2021/08/11 v1.11 sin cos tan (DPC)
) (C:\Users\admin\AppData\Local\Programs\MiKTeX\tex/latex/graphics-cfg\graphics.cfg
File: graphics.cfg 2016/06/04 v1.11 sample graphics configuration
)
Package graphics Info: Driver file: pdftex.def on input line 107.
 (C:\Users\admin\AppData\Local\Programs\MiKTeX\tex/latex/graphics-def\pdftex.def
File: pdftex.def 2020/10/05 v1.2a Graphics/color driver for pdftex
))
\Gin@req@height=\dimen148
\Gin@req@width=\dimen149
) (C:\Users\admin\AppData\Local\Programs\MiKTeX\tex/latex/mathtools\empheq.sty
Package: empheq 2017/03/31 v2.15 Emphasizing equations
 (C:\Users\admin\AppData\Local\Programs\MiKTeX\tex/latex/mathtools\mhsetup.sty
Package: mhsetup 2021/03/18 v1.4 programming setup (MH)
) (C:\Users\admin\AppData\Local\Programs\MiKTeX\tex/latex/mathtools\mathtools.sty
Package: mathtools 2022/02/07 v1.28a mathematical typesetting tools
 (C:\Users\admin\AppData\Local\Programs\MiKTeX\tex/latex/tools\calc.sty
Package: calc 2017/05/25 v4.3 Infix arithmetic (KKT,FJ)
\calc@Acount=\count270
\calc@Bcount=\count271
\calc@Adimen=\dimen150
\calc@Bdimen=\dimen151
\calc@Askip=\skip53
\calc@Bskip=\skip54
LaTeX Info: Redefining \setlength on input line 80.
LaTeX Info: Redefining \addtolength on input line 81.
\calc@Ccount=\count272
\calc@Cskip=\skip55
)
\g_MT_multlinerow_int=\count273
\l_MT_multwidth_dim=\dimen152
\origjot=\skip56
\l_MT_shortvdotswithinadjustabove_dim=\dimen153
\l_MT_shortvdotswithinadjustbelow_dim=\dimen154
\l_MT_above_intertext_sep=\dimen155
\l_MT_below_intertext_sep=\dimen156
\l_MT_above_shortintertext_sep=\dimen157
\l_MT_below_shortintertext_sep=\dimen158
\xmathstrut@box=\box52
\xmathstrut@dim=\dimen159
)
\l_EQ_equationtype_int=\count274
\l_EQ_alignmentmode_int=\count275
\l_EQ_totalwidth_dim=\dimen160
\l_EQ_displaywidth_dim=\dimen161
\l_EQ_temp_linewidth_dim=\dimen162
\l_EQ_linewidth_dim=\dimen163
\EmphEqdelimitershortfall=\dimen164
\EmphEqdelimiterfactor=\count276
\g_EQ_toptag_height_dim=\dimen165
\g_EQ_bottomtag_depth_dim=\dimen166
\g_EQ_toprow_height_dim=\dimen167
\g_EQ_bottomrow_depth_dim=\dimen168
\g_EQ_widesttag_dim=\dimen169
\EQ_mathdisplay_box=\box53
\EQ_tag_box=\box54
\g_EQ_temprow_int=\count277
)
\c@problem=\count278
 (C:\Users\admin\AppData\Local\Programs\MiKTeX\tex/latex/l3backend\l3backend-pdftex.def
File: l3backend-pdftex.def 2021-12-14 L3 backend support: PDF output (pdfTeX)
\l__color_backend_stack_int=\count279
\l__pdf_internal_box=\box55
) (HW.aux)
\openout1 = `HW.aux'.

LaTeX Font Info:    Checking defaults for OML/cmm/m/it on input line 60.
LaTeX Font Info:    ... okay on input line 60.
LaTeX Font Info:    Checking defaults for OMS/cmsy/m/n on input line 60.
LaTeX Font Info:    ... okay on input line 60.
LaTeX Font Info:    Checking defaults for OT1/cmr/m/n on input line 60.
LaTeX Font Info:    ... okay on input line 60.
LaTeX Font Info:    Checking defaults for T1/cmr/m/n on input line 60.
LaTeX Font Info:    ... okay on input line 60.
LaTeX Font Info:    Checking defaults for TS1/cmr/m/n on input line 60.
LaTeX Font Info:    ... okay on input line 60.
LaTeX Font Info:    Checking defaults for OMX/cmex/m/n on input line 60.
LaTeX Font Info:    ... okay on input line 60.
LaTeX Font Info:    Checking defaults for U/cmr/m/n on input line 60.
LaTeX Font Info:    ... okay on input line 60.
 (C:\Users\admin\AppData\Local\Programs\MiKTeX\tex/context/base/mkii\supp-pdf.mkii
[Loading MPS to PDF converter (version 2006.09.02).]
\scratchcounter=\count280
\scratchdimen=\dimen170
\scratchbox=\box56
\nofMPsegments=\count281
\nofMParguments=\count282
\everyMPshowfont=\toks23
\MPscratchCnt=\count283
\MPscratchDim=\dimen171
\MPnumerator=\count284
\makeMPintoPDFobject=\count285
\everyMPtoPDFconversion=\toks24
) (C:\Users\admin\AppData\Local\Programs\MiKTeX\tex/latex/epstopdf-pkg\epstopdf-base.sty
Package: epstopdf-base 2020-01-24 v2.11 Base part for package epstopdf
Package epstopdf-base Info: Redefining graphics rule for `.eps' on input line 485.
 (C:\Users\admin\AppData\Local\Programs\MiKTeX\tex/latex/00miktex\epstopdf-sys.cfg
File: epstopdf-sys.cfg 2021/03/18 v2.0 Configuration of epstopdf for MiKTeX
))
\Hy@linkcounter=\count286
LaTeX Font Info:    Trying to load font information for U+msa on input line 89.
 (C:\Users\admin\AppData\Local\Programs\MiKTeX\tex/latex/amsfonts\umsa.fd
File: umsa.fd 2013/01/14 v3.01 AMS symbols A
)
LaTeX Font Info:    Trying to load font information for U+msb on input line 89.
 (C:\Users\admin\AppData\Local\Programs\MiKTeX\tex/latex/amsfonts\umsb.fd
File: umsb.fd 2013/01/14 v3.01 AMS symbols B
)
LaTeX Font Info:    Trying to load font information for U+esint on input line 89.
 (C:\Users\admin\AppData\Local\Programs\MiKTeX\tex/latex/esint\uesint.fd
File: uesint.fd 
) [1

{C:/Users/admin/AppData/Local/MiKTeX/fonts/map/pdftex/pdftex.map}]
<images/1.PNG, id=13, 348.80313pt x 272.01625pt>
File: images/1.PNG Graphic file (type png)
<use images/1.PNG>
Package pdftex.def Info: images/1.PNG  used on input line 157.
(pdftex.def)             Requested size: 264.23088pt x 206.07039pt.
 [2 <./images/1.PNG>] [3]
<images/2.PNG, id=25, 385.94188pt x 297.11pt>
File: images/2.PNG Graphic file (type png)
<use images/2.PNG>
Package pdftex.def Info: images/2.PNG  used on input line 269.
(pdftex.def)             Requested size: 264.23088pt x 203.41484pt.
 [4 <./images/2.PNG>] [5]
<images/3.PNG, id=33, 378.41376pt x 345.29pt>
File: images/3.PNG Graphic file (type png)
<use images/3.PNG>
Package pdftex.def Info: images/3.PNG  used on input line 370.
(pdftex.def)             Requested size: 264.23088pt x 241.10597pt.
 [6 <./images/3.PNG>]
<images/4.PNG, id=38, 395.97937pt x 375.90437pt>
File: images/4.PNG Graphic file (type png)
<use images/4.PNG>
Package pdftex.def Info: images/4.PNG  used on input line 453.
(pdftex.def)             Requested size: 264.23088pt x 250.83937pt.
 [7] [8 <./images/4.PNG>] [9]
<images/5.PNG, id=50, 317.185pt x 332.74312pt>
File: images/5.PNG Graphic file (type png)
<use images/5.PNG>
Package pdftex.def Info: images/5.PNG  used on input line 564.
(pdftex.def)             Requested size: 264.23088pt x 277.21246pt.
 [10 <./images/5.PNG>] [11]
<images/6.PNG, id=58, 269.005pt x 303.63437pt>
File: images/6.PNG Graphic file (type png)
<use images/6.PNG>
Package pdftex.def Info: images/6.PNG  used on input line 677.
(pdftex.def)             Requested size: 264.23088pt x 298.24997pt.
 [12 <./images/6.PNG>] [13]
<images/7.PNG, id=67, 301.125pt x 305.14pt>
File: images/7.PNG Graphic file (type png)
<use images/7.PNG>
Package pdftex.def Info: images/7.PNG  used on input line 788.
(pdftex.def)             Requested size: 264.23088pt x 267.77904pt.
 [14 <./images/7.PNG>] [15] [16]
<images/8hand.PNG, id=78, 250.43562pt x 283.0575pt>
File: images/8hand.PNG Graphic file (type png)
<use images/8hand.PNG>
Package pdftex.def Info: images/8hand.PNG  used on input line 969.
(pdftex.def)             Requested size: 281.85587pt x 318.60301pt.
<images/8.png, id=79, 361.35pt x 361.35pt>
File: images/8.png Graphic file (type png)
<use images/8.png>
Package pdftex.def Info: images/8.png  used on input line 975.
(pdftex.def)             Requested size: 281.85587pt x 281.85738pt.
 [17 <./images/8hand.PNG>] [18 <./images/8.png (PNG copy)>] [19]
<images/9hand.PNG, id=92, 347.79938pt x 314.17375pt>
File: images/9hand.PNG Graphic file (type png)
<use images/9hand.PNG>
Package pdftex.def Info: images/9hand.PNG  used on input line 1082.
(pdftex.def)             Requested size: 281.85587pt x 254.61836pt.
<images/9.png, id=93, 361.35pt x 361.35pt>
File: images/9.png Graphic file (type png)
<use images/9.png>
Package pdftex.def Info: images/9.png  used on input line 1089.
(pdftex.def)             Requested size: 281.85587pt x 281.85738pt.
 [20 <./images/9hand.PNG>] [21 <./images/9.png (PNG copy)>] [22]
<images/10hand.PNG, id=104, 245.91875pt x 266.49562pt>
File: images/10hand.PNG Graphic file (type png)
<use images/10hand.PNG>
Package pdftex.def Info: images/10hand.PNG  used on input line 1234.
(pdftex.def)             Requested size: 281.85587pt x 305.45097pt.
 [23]
<images/10.png, id=108, 361.35pt x 361.35pt>
File: images/10.png Graphic file (type png)
<use images/10.png>
Package pdftex.def Info: images/10.png  used on input line 1241.
(pdftex.def)             Requested size: 281.85587pt x 281.85738pt.
 [24 <./images/10hand.PNG> <./images/10.png (PNG copy)>] [25] (HW.aux) ) 
Here is how much of TeX's memory you used:
 3642 strings out of 478659
 58437 string characters out of 2845920
 372498 words of memory out of 3000000
 21706 multiletter control sequences out of 15000+600000
 409397 words of font info for 52 fonts, out of 8000000 for 9000
 1141 hyphenation exceptions out of 8191
 55i,17n,62p,484b,425s stack positions out of 5000i,500n,10000p,200000b,80000s
<C:/Users/admin/AppData/Local/Programs/MiKTeX/fonts/type1/public/amsfonts/cm/cmbx12.pfb><C:/Users/admin/AppData/Local/Programs/MiKTeX/fonts/type1/public/amsfonts/cm/cmex10.pfb><C:/Users/admin/AppData/Local/Programs/MiKTeX/fonts/type1/public/amsfonts/cm/cmmi12.pfb><C:/Users/admin/AppData/Local/Programs/MiKTeX/fonts/type1/public/amsfonts/cm/cmmi8.pfb><C:/Users/admin/AppData/Local/Programs/MiKTeX/fonts/type1/public/amsfonts/cm/cmr12.pfb><C:/Users/admin/AppData/Local/Programs/MiKTeX/fonts/type1/public/amsfonts/cm/cmr6.pfb><C:/Users/admin/AppData/Local/Programs/MiKTeX/fonts/type1/public/amsfonts/cm/cmr8.pfb><C:/Users/admin/AppData/Local/Programs/MiKTeX/fonts/type1/public/amsfonts/cm/cmsy10.pfb><C:/Users/admin/AppData/Local/Programs/MiKTeX/fonts/type1/public/amsfonts/cm/cmsy8.pfb><C:/Users/admin/AppData/Local/Programs/MiKTeX/fonts/type1/public/amsfonts/cm/cmti12.pfb><C:/Users/admin/AppData/Local/Programs/MiKTeX/fonts/type1/public/amsfonts/cm/cmtt12.pfb><C:/Users/admin/AppData/Local/Programs/MiKTeX/fonts/type1/public/amsfonts/symbols/msam10.pfb>
Output written on HW.pdf (25 pages, 1476613 bytes).
PDF statistics:
 167 PDF objects out of 1000 (max. 8388607)
 0 named destinations out of 1000 (max. 500000)
 66 words of extra memory for PDF output out of 10000 (max. 10000000)

