This is pdfTeX, Version 3.141592653-2.6-1.40.24 (MiKTeX 21.12.10) (preloaded format=pdflatex 2022.1.10)  17 NOV 2022 20:37
entering extended mode
 restricted \write18 enabled.
 file:line:error style messages enabled.
 %&-line parsing enabled.
**"c:/Users/admin/Desktop/School/UW/2022-2023/Fall Term/AMTH 573/HW4/HW.tex"
(c:/Users/admin/Desktop/School/UW/2022-2023/Fall Term/AMTH 573/HW4/HW.tex
LaTeX2e <2021-11-15> patch level 1
L3 programming layer <2021-11-22> (C:\Users\admin\AppData\Local\Programs\MiKTeX\tex/latex/base\report.cls
Document Class: report 2021/10/04 v1.4n Standard LaTeX document class
(C:\Users\admin\AppData\Local\Programs\MiKTeX\tex/latex/base\size12.clo
File: size12.clo 2021/10/04 v1.4n Standard LaTeX file (size option)
)
\c@part=\count183
\c@chapter=\count184
\c@section=\count185
\c@subsection=\count186
\c@subsubsection=\count187
\c@paragraph=\count188
\c@subparagraph=\count189
\c@figure=\count190
\c@table=\count191
\abovecaptionskip=\skip47
\belowcaptionskip=\skip48
\bibindent=\dimen138
) (C:\Users\admin\AppData\Local\Programs\MiKTeX\tex/latex/amsfonts\amssymb.sty
Package: amssymb 2013/01/14 v3.01 AMS font symbols
 (C:\Users\admin\AppData\Local\Programs\MiKTeX\tex/latex/amsfonts\amsfonts.sty
Package: amsfonts 2013/01/14 v3.01 Basic AMSFonts support
\@emptytoks=\toks16
\symAMSa=\mathgroup4
\symAMSb=\mathgroup5
LaTeX Font Info:    Redeclaring math symbol \hbar on input line 98.
LaTeX Font Info:    Overwriting math alphabet `\mathfrak' in version `bold'
(Font)                  U/euf/m/n --> U/euf/b/n on input line 106.
)) (C:\Users\admin\AppData\Local\Programs\MiKTeX\tex/latex/preprint\fullpage.sty
Package: fullpage 1999/02/23 1.1 (PWD)
\FP@margin=\skip49
) (C:\Users\admin\AppData\Local\Programs\MiKTeX\tex/latex/amsmath\amsmath.sty
Package: amsmath 2021/10/15 v2.17l AMS math features
\@mathmargin=\skip50

For additional information on amsmath, use the `?' option.
(C:\Users\admin\AppData\Local\Programs\MiKTeX\tex/latex/amsmath\amstext.sty
Package: amstext 2021/08/26 v2.01 AMS text
 (C:\Users\admin\AppData\Local\Programs\MiKTeX\tex/latex/amsmath\amsgen.sty
File: amsgen.sty 1999/11/30 v2.0 generic functions
\@emptytoks=\toks17
\ex@=\dimen139
)) (C:\Users\admin\AppData\Local\Programs\MiKTeX\tex/latex/amsmath\amsbsy.sty
Package: amsbsy 1999/11/29 v1.2d Bold Symbols
\pmbraise@=\dimen140
) (C:\Users\admin\AppData\Local\Programs\MiKTeX\tex/latex/amsmath\amsopn.sty
Package: amsopn 2021/08/26 v2.02 operator names
)
\inf@bad=\count192
LaTeX Info: Redefining \frac on input line 234.
\uproot@=\count193
\leftroot@=\count194
LaTeX Info: Redefining \overline on input line 399.
\classnum@=\count195
\DOTSCASE@=\count196
LaTeX Info: Redefining \ldots on input line 496.
LaTeX Info: Redefining \dots on input line 499.
LaTeX Info: Redefining \cdots on input line 620.
\Mathstrutbox@=\box50
\strutbox@=\box51
\big@size=\dimen141
LaTeX Font Info:    Redeclaring font encoding OML on input line 743.
LaTeX Font Info:    Redeclaring font encoding OMS on input line 744.
\macc@depth=\count197
\c@MaxMatrixCols=\count198
\dotsspace@=\muskip16
\c@parentequation=\count199
\dspbrk@lvl=\count266
\tag@help=\toks18
\row@=\count267
\column@=\count268
\maxfields@=\count269
\andhelp@=\toks19
\eqnshift@=\dimen142
\alignsep@=\dimen143
\tagshift@=\dimen144
\tagwidth@=\dimen145
\totwidth@=\dimen146
\lineht@=\dimen147
\@envbody=\toks20
\multlinegap=\skip51
\multlinetaggap=\skip52
\mathdisplay@stack=\toks21
LaTeX Info: Redefining \[ on input line 2938.
LaTeX Info: Redefining \] on input line 2939.
) (C:\Users\admin\AppData\Local\Programs\MiKTeX\tex/latex/esint\esint.sty
Package: esint 
\symlargesymbolsA=\mathgroup6
) (C:\Users\admin\AppData\Local\Programs\MiKTeX\tex/latex/graphics\graphicx.sty
Package: graphicx 2021/09/16 v1.2d Enhanced LaTeX Graphics (DPC,SPQR)
 (C:\Users\admin\AppData\Local\Programs\MiKTeX\tex/latex/graphics\keyval.sty
Package: keyval 2014/10/28 v1.15 key=value parser (DPC)
\KV@toks@=\toks22
) (C:\Users\admin\AppData\Local\Programs\MiKTeX\tex/latex/graphics\graphics.sty
Package: graphics 2021/03/04 v1.4d Standard LaTeX Graphics (DPC,SPQR)
 (C:\Users\admin\AppData\Local\Programs\MiKTeX\tex/latex/graphics\trig.sty
Package: trig 2021/08/11 v1.11 sin cos tan (DPC)
) (C:\Users\admin\AppData\Local\Programs\MiKTeX\tex/latex/graphics-cfg\graphics.cfg
File: graphics.cfg 2016/06/04 v1.11 sample graphics configuration
)
Package graphics Info: Driver file: pdftex.def on input line 107.
 (C:\Users\admin\AppData\Local\Programs\MiKTeX\tex/latex/graphics-def\pdftex.def
File: pdftex.def 2020/10/05 v1.2a Graphics/color driver for pdftex
))
\Gin@req@height=\dimen148
\Gin@req@width=\dimen149
)
\c@problem=\count270
 (C:\Users\admin\AppData\Local\Programs\MiKTeX\tex/latex/l3backend\l3backend-pdftex.def
File: l3backend-pdftex.def 2021-12-14 L3 backend support: PDF output (pdfTeX)
\l__color_backend_stack_int=\count271
\l__pdf_internal_box=\box52
) (HW.aux)
\openout1 = `HW.aux'.

LaTeX Font Info:    Checking defaults for OML/cmm/m/it on input line 54.
LaTeX Font Info:    ... okay on input line 54.
LaTeX Font Info:    Checking defaults for OMS/cmsy/m/n on input line 54.
LaTeX Font Info:    ... okay on input line 54.
LaTeX Font Info:    Checking defaults for OT1/cmr/m/n on input line 54.
LaTeX Font Info:    ... okay on input line 54.
LaTeX Font Info:    Checking defaults for T1/cmr/m/n on input line 54.
LaTeX Font Info:    ... okay on input line 54.
LaTeX Font Info:    Checking defaults for TS1/cmr/m/n on input line 54.
LaTeX Font Info:    ... okay on input line 54.
LaTeX Font Info:    Checking defaults for OMX/cmex/m/n on input line 54.
LaTeX Font Info:    ... okay on input line 54.
LaTeX Font Info:    Checking defaults for U/cmr/m/n on input line 54.
LaTeX Font Info:    ... okay on input line 54.
 (C:\Users\admin\AppData\Local\Programs\MiKTeX\tex/context/base/mkii\supp-pdf.mkii
[Loading MPS to PDF converter (version 2006.09.02).]
\scratchcounter=\count272
\scratchdimen=\dimen150
\scratchbox=\box53
\nofMPsegments=\count273
\nofMParguments=\count274
\everyMPshowfont=\toks23
\MPscratchCnt=\count275
\MPscratchDim=\dimen151
\MPnumerator=\count276
\makeMPintoPDFobject=\count277
\everyMPtoPDFconversion=\toks24
) (C:\Users\admin\AppData\Local\Programs\MiKTeX\tex/latex/epstopdf-pkg\epstopdf-base.sty
Package: epstopdf-base 2020-01-24 v2.11 Base part for package epstopdf
Package epstopdf-base Info: Redefining graphics rule for `.eps' on input line 485.
 (C:\Users\admin\AppData\Local\Programs\MiKTeX\tex/latex/00miktex\epstopdf-sys.cfg
File: epstopdf-sys.cfg 2021/03/18 v2.0 Configuration of epstopdf for MiKTeX
))
LaTeX Font Info:    Trying to load font information for U+msa on input line 76.
 (C:\Users\admin\AppData\Local\Programs\MiKTeX\tex/latex/amsfonts\umsa.fd
File: umsa.fd 2013/01/14 v3.01 AMS symbols A
)
LaTeX Font Info:    Trying to load font information for U+msb on input line 76.
 (C:\Users\admin\AppData\Local\Programs\MiKTeX\tex/latex/amsfonts\umsb.fd
File: umsb.fd 2013/01/14 v3.01 AMS symbols B
)
LaTeX Font Info:    Trying to load font information for U+esint on input line 76.
 (C:\Users\admin\AppData\Local\Programs\MiKTeX\tex/latex/esint\uesint.fd
File: uesint.fd 
) [1

{C:/Users/admin/AppData/Local/MiKTeX/fonts/map/pdftex/pdftex.map}] [2]
<plots/1-1.jpg, id=17, 361.35pt x 374.90062pt>
File: plots/1-1.jpg Graphic file (type jpg)
<use plots/1-1.jpg>
Package pdftex.def Info: plots/1-1.jpg  used on input line 238.
(pdftex.def)             Requested size: 220.19016pt x 228.44878pt.
 [3]
<plots/fig1.jpg, id=21, 1149.29375pt x 789.95125pt>
File: plots/fig1.jpg Graphic file (type jpg)
<use plots/fig1.jpg>
Package pdftex.def Info: plots/fig1.jpg  used on input line 251.
(pdftex.def)             Requested size: 176.14943pt x 121.06705pt.
<plots/fig2.jpg, id=22, 1048.91875pt x 733.74126pt>
File: plots/fig2.jpg Graphic file (type jpg)
<use plots/fig2.jpg>
Package pdftex.def Info: plots/fig2.jpg  used on input line 252.
(pdftex.def)             Requested size: 176.14943pt x 123.2117pt.
<plots/1-2.jpg, id=23, 361.35pt x 374.90062pt>
File: plots/1-2.jpg Graphic file (type jpg)
<use plots/1-2.jpg>
Package pdftex.def Info: plots/1-2.jpg  used on input line 260.
(pdftex.def)             Requested size: 220.19016pt x 228.44878pt.
 [4 <./plots/1-1.jpg> <./plots/fig1.jpg> <./plots/fig2.jpg>]
File: plots/fig1.jpg Graphic file (type jpg)
<use plots/fig1.jpg>
Package pdftex.def Info: plots/fig1.jpg  used on input line 272.
(pdftex.def)             Requested size: 176.14943pt x 121.06705pt.
File: plots/fig2.jpg Graphic file (type jpg)
<use plots/fig2.jpg>
Package pdftex.def Info: plots/fig2.jpg  used on input line 273.
(pdftex.def)             Requested size: 176.14943pt x 123.2117pt.
<plots/fig3.jpg, id=27, 949.5475pt x 636.3775pt>
File: plots/fig3.jpg Graphic file (type jpg)
<use plots/fig3.jpg>
Package pdftex.def Info: plots/fig3.jpg  used on input line 279.
(pdftex.def)             Requested size: 176.14943pt x 118.04843pt.
<plots/fig4.jpg, id=28, 893.3375pt x 752.8125pt>
File: plots/fig4.jpg Graphic file (type jpg)
<use plots/fig4.jpg>
Package pdftex.def Info: plots/fig4.jpg  used on input line 280.
(pdftex.def)             Requested size: 176.14943pt x 148.43474pt.
 [5 <./plots/1-2.jpg>]
<plots/1-3.jpg, id=32, 361.35pt x 374.90062pt>
File: plots/1-3.jpg Graphic file (type jpg)
<use plots/1-3.jpg>
Package pdftex.def Info: plots/1-3.jpg  used on input line 286.
(pdftex.def)             Requested size: 220.19016pt x 228.44878pt.
<plots/fig5.jpg, id=33, 1011.78pt x 664.4825pt>
File: plots/fig5.jpg Graphic file (type jpg)
<use plots/fig5.jpg>
Package pdftex.def Info: plots/fig5.jpg  used on input line 291.
(pdftex.def)             Requested size: 176.14943pt x 115.67783pt.
File: plots/fig2.jpg Graphic file (type jpg)
<use plots/fig2.jpg>
Package pdftex.def Info: plots/fig2.jpg  used on input line 292.
(pdftex.def)             Requested size: 176.14943pt x 123.2117pt.
 [6 <./plots/fig3.jpg> <./plots/fig4.jpg> <./plots/1-3.jpg>]
<plots/fig6.jpg, id=37, 1006.76125pt x 593.21625pt>
File: plots/fig6.jpg Graphic file (type jpg)
<use plots/fig6.jpg>
Package pdftex.def Info: plots/fig6.jpg  used on input line 297.
(pdftex.def)             Requested size: 176.14943pt x 103.78723pt.
File: plots/fig4.jpg Graphic file (type jpg)
<use plots/fig4.jpg>
Package pdftex.def Info: plots/fig4.jpg  used on input line 298.
(pdftex.def)             Requested size: 176.14943pt x 148.43474pt.
<plots/1-4.jpg, id=38, 361.35pt x 374.90062pt>
File: plots/1-4.jpg Graphic file (type jpg)
<use plots/1-4.jpg>
Package pdftex.def Info: plots/1-4.jpg  used on input line 304.
(pdftex.def)             Requested size: 220.19016pt x 228.44878pt.
 [7 <./plots/fig5.jpg> <./plots/fig6.jpg> <./plots/1-4.jpg>]
<plots/1-5.jpg, id=43, 361.35pt x 374.90062pt>
File: plots/1-5.jpg Graphic file (type jpg)
<use plots/1-5.jpg>
Package pdftex.def Info: plots/1-5.jpg  used on input line 312.
(pdftex.def)             Requested size: 220.19016pt x 228.44878pt.
File: plots/fig3.jpg Graphic file (type jpg)
<use plots/fig3.jpg>
Package pdftex.def Info: plots/fig3.jpg  used on input line 317.
(pdftex.def)             Requested size: 176.14943pt x 118.04843pt.
<plots/fig7.jpg, id=44, 939.51pt x 556.0775pt>
File: plots/fig7.jpg Graphic file (type jpg)
<use plots/fig7.jpg>
Package pdftex.def Info: plots/fig7.jpg  used on input line 318.
(pdftex.def)             Requested size: 176.14943pt x 104.25578pt.
File: plots/fig3.jpg Graphic file (type jpg)
<use plots/fig3.jpg>
Package pdftex.def Info: plots/fig3.jpg  used on input line 324.
(pdftex.def)             Requested size: 176.14943pt x 118.04843pt.
<plots/fig8.jpg, id=45, 839.135pt x 571.13374pt>
File: plots/fig8.jpg Graphic file (type jpg)
<use plots/fig8.jpg>
Package pdftex.def Info: plots/fig8.jpg  used on input line 325.
(pdftex.def)             Requested size: 176.14943pt x 119.88933pt.
 [8 <./plots/1-5.jpg> <./plots/fig7.jpg>]
<plots/1-6.jpg, id=49, 361.35pt x 374.90062pt>
File: plots/1-6.jpg Graphic file (type jpg)
<use plots/1-6.jpg>
Package pdftex.def Info: plots/1-6.jpg  used on input line 331.
(pdftex.def)             Requested size: 220.19016pt x 228.44878pt.
 [9 <./plots/fig8.jpg> <./plots/1-6.jpg>] [10] [11] [12] [13] [14] [15]
Overfull \hbox (15.84747pt too wide) detected at line 625
[]
 []


Overfull \hbox (54.35046pt too wide) detected at line 637
[]
 []

[16] [17] [18] [19]
Overfull \hbox (35.51666pt too wide) detected at line 798
[]
 []

[20] [21] (HW.aux) ) 
Here is how much of TeX's memory you used:
 2763 strings out of 478659
 41663 string characters out of 2845920
 374029 words of memory out of 3000000
 20841 multiletter control sequences out of 15000+600000
 409397 words of font info for 52 fonts, out of 8000000 for 9000
 1141 hyphenation exceptions out of 8191
 55i,16n,62p,1069b,271s stack positions out of 5000i,500n,10000p,200000b,80000s
 <C:\Users\admin\AppData\Local\MiKTeX\fonts/pk/ljfour/public/esint/dpi720\esint10.pk><C:/Users/admin/AppData/Local/Programs/MiKTeX/fonts/type1/public/amsfonts/cm/cmbx12.pfb><C:/Users/admin/AppData/Local/Programs/MiKTeX/fonts/type1/public/amsfonts/cm/cmex10.pfb><C:/Users/admin/AppData/Local/Programs/MiKTeX/fonts/type1/public/amsfonts/cm/cmmi12.pfb><C:/Users/admin/AppData/Local/Programs/MiKTeX/fonts/type1/public/amsfonts/cm/cmmi6.pfb><C:/Users/admin/AppData/Local/Programs/MiKTeX/fonts/type1/public/amsfonts/cm/cmmi8.pfb><C:/Users/admin/AppData/Local/Programs/MiKTeX/fonts/type1/public/amsfonts/cm/cmr12.pfb><C:/Users/admin/AppData/Local/Programs/MiKTeX/fonts/type1/public/amsfonts/cm/cmr6.pfb><C:/Users/admin/AppData/Local/Programs/MiKTeX/fonts/type1/public/amsfonts/cm/cmr8.pfb><C:/Users/admin/AppData/Local/Programs/MiKTeX/fonts/type1/public/amsfonts/cm/cmsy10.pfb><C:/Users/admin/AppData/Local/Programs/MiKTeX/fonts/type1/public/amsfonts/cm/cmsy8.pfb><C:/Users/admin/AppData/Local/Programs/MiKTeX/fonts/type1/public/amsfonts/cm/cmti12.pfb><C:/Users/admin/AppData/Local/Programs/MiKTeX/fonts/type1/public/amsfonts/cm/cmtt12.pfb><C:/Users/admin/AppData/Local/Programs/MiKTeX/fonts/type1/public/amsfonts/symbols/msam10.pfb>
Output written on HW.pdf (21 pages, 657401 bytes).
PDF statistics:
 155 PDF objects out of 1000 (max. 8388607)
 0 named destinations out of 1000 (max. 500000)
 71 words of extra memory for PDF output out of 10000 (max. 10000000)

