This is pdfTeX, Version 3.141592653-2.6-1.40.24 (MiKTeX 21.12.10) (preloaded format=pdflatex 2022.1.10)  4 NOV 2022 09:37
entering extended mode
 restricted \write18 enabled.
 file:line:error style messages enabled.
 %&-line parsing enabled.
**"c:/Users/admin/Desktop/School/UW/2022-2023/Fall Term/AMTH 573/HW3/HW2.tex"
(c:/Users/admin/Desktop/School/UW/2022-2023/Fall Term/AMTH 573/HW3/HW2.tex
LaTeX2e <2021-11-15> patch level 1
L3 programming layer <2021-11-22> (C:\Users\admin\AppData\Local\Programs\MiKTeX\tex/latex/base\report.cls
Document Class: report 2021/10/04 v1.4n Standard LaTeX document class
(C:\Users\admin\AppData\Local\Programs\MiKTeX\tex/latex/base\size12.clo
File: size12.clo 2021/10/04 v1.4n Standard LaTeX file (size option)
)
\c@part=\count183
\c@chapter=\count184
\c@section=\count185
\c@subsection=\count186
\c@subsubsection=\count187
\c@paragraph=\count188
\c@subparagraph=\count189
\c@figure=\count190
\c@table=\count191
\abovecaptionskip=\skip47
\belowcaptionskip=\skip48
\bibindent=\dimen138
) (C:\Users\admin\AppData\Local\Programs\MiKTeX\tex/latex/amsfonts\amssymb.sty
Package: amssymb 2013/01/14 v3.01 AMS font symbols
 (C:\Users\admin\AppData\Local\Programs\MiKTeX\tex/latex/amsfonts\amsfonts.sty
Package: amsfonts 2013/01/14 v3.01 Basic AMSFonts support
\@emptytoks=\toks16
\symAMSa=\mathgroup4
\symAMSb=\mathgroup5
LaTeX Font Info:    Redeclaring math symbol \hbar on input line 98.
LaTeX Font Info:    Overwriting math alphabet `\mathfrak' in version `bold'
(Font)                  U/euf/m/n --> U/euf/b/n on input line 106.
)) (C:\Users\admin\AppData\Local\Programs\MiKTeX\tex/latex/preprint\fullpage.sty
Package: fullpage 1999/02/23 1.1 (PWD)
\FP@margin=\skip49
) (C:\Users\admin\AppData\Local\Programs\MiKTeX\tex/latex/amsmath\amsmath.sty
Package: amsmath 2021/10/15 v2.17l AMS math features
\@mathmargin=\skip50

For additional information on amsmath, use the `?' option.
(C:\Users\admin\AppData\Local\Programs\MiKTeX\tex/latex/amsmath\amstext.sty
Package: amstext 2021/08/26 v2.01 AMS text
 (C:\Users\admin\AppData\Local\Programs\MiKTeX\tex/latex/amsmath\amsgen.sty
File: amsgen.sty 1999/11/30 v2.0 generic functions
\@emptytoks=\toks17
\ex@=\dimen139
)) (C:\Users\admin\AppData\Local\Programs\MiKTeX\tex/latex/amsmath\amsbsy.sty
Package: amsbsy 1999/11/29 v1.2d Bold Symbols
\pmbraise@=\dimen140
) (C:\Users\admin\AppData\Local\Programs\MiKTeX\tex/latex/amsmath\amsopn.sty
Package: amsopn 2021/08/26 v2.02 operator names
)
\inf@bad=\count192
LaTeX Info: Redefining \frac on input line 234.
\uproot@=\count193
\leftroot@=\count194
LaTeX Info: Redefining \overline on input line 399.
\classnum@=\count195
\DOTSCASE@=\count196
LaTeX Info: Redefining \ldots on input line 496.
LaTeX Info: Redefining \dots on input line 499.
LaTeX Info: Redefining \cdots on input line 620.
\Mathstrutbox@=\box50
\strutbox@=\box51
\big@size=\dimen141
LaTeX Font Info:    Redeclaring font encoding OML on input line 743.
LaTeX Font Info:    Redeclaring font encoding OMS on input line 744.
\macc@depth=\count197
\c@MaxMatrixCols=\count198
\dotsspace@=\muskip16
\c@parentequation=\count199
\dspbrk@lvl=\count266
\tag@help=\toks18
\row@=\count267
\column@=\count268
\maxfields@=\count269
\andhelp@=\toks19
\eqnshift@=\dimen142
\alignsep@=\dimen143
\tagshift@=\dimen144
\tagwidth@=\dimen145
\totwidth@=\dimen146
\lineht@=\dimen147
\@envbody=\toks20
\multlinegap=\skip51
\multlinetaggap=\skip52
\mathdisplay@stack=\toks21
LaTeX Info: Redefining \[ on input line 2938.
LaTeX Info: Redefining \] on input line 2939.
) (C:\Users\admin\AppData\Local\Programs\MiKTeX\tex/latex/mathtools\mathtools.sty
Package: mathtools 2022/02/07 v1.28a mathematical typesetting tools
 (C:\Users\admin\AppData\Local\Programs\MiKTeX\tex/latex/graphics\keyval.sty
Package: keyval 2014/10/28 v1.15 key=value parser (DPC)
\KV@toks@=\toks22
) (C:\Users\admin\AppData\Local\Programs\MiKTeX\tex/latex/tools\calc.sty
Package: calc 2017/05/25 v4.3 Infix arithmetic (KKT,FJ)
\calc@Acount=\count270
\calc@Bcount=\count271
\calc@Adimen=\dimen148
\calc@Bdimen=\dimen149
\calc@Askip=\skip53
\calc@Bskip=\skip54
LaTeX Info: Redefining \setlength on input line 80.
LaTeX Info: Redefining \addtolength on input line 81.
\calc@Ccount=\count272
\calc@Cskip=\skip55
) (C:\Users\admin\AppData\Local\Programs\MiKTeX\tex/latex/mathtools\mhsetup.sty
Package: mhsetup 2021/03/18 v1.4 programming setup (MH)
)
\g_MT_multlinerow_int=\count273
\l_MT_multwidth_dim=\dimen150
\origjot=\skip56
\l_MT_shortvdotswithinadjustabove_dim=\dimen151
\l_MT_shortvdotswithinadjustbelow_dim=\dimen152
\l_MT_above_intertext_sep=\dimen153
\l_MT_below_intertext_sep=\dimen154
\l_MT_above_shortintertext_sep=\dimen155
\l_MT_below_shortintertext_sep=\dimen156
\xmathstrut@box=\box52
\xmathstrut@dim=\dimen157
) (C:\Users\admin\AppData\Local\Programs\MiKTeX\tex/latex/graphics\graphicx.sty
Package: graphicx 2021/09/16 v1.2d Enhanced LaTeX Graphics (DPC,SPQR)
 (C:\Users\admin\AppData\Local\Programs\MiKTeX\tex/latex/graphics\graphics.sty
Package: graphics 2021/03/04 v1.4d Standard LaTeX Graphics (DPC,SPQR)
 (C:\Users\admin\AppData\Local\Programs\MiKTeX\tex/latex/graphics\trig.sty
Package: trig 2021/08/11 v1.11 sin cos tan (DPC)
) (C:\Users\admin\AppData\Local\Programs\MiKTeX\tex/latex/graphics-cfg\graphics.cfg
File: graphics.cfg 2016/06/04 v1.11 sample graphics configuration
)
Package graphics Info: Driver file: pdftex.def on input line 107.
 (C:\Users\admin\AppData\Local\Programs\MiKTeX\tex/latex/graphics-def\pdftex.def
File: pdftex.def 2020/10/05 v1.2a Graphics/color driver for pdftex
))
\Gin@req@height=\dimen158
\Gin@req@width=\dimen159
)
\c@problem=\count274
 (C:\Users\admin\AppData\Local\Programs\MiKTeX\tex/latex/l3backend\l3backend-pdftex.def
File: l3backend-pdftex.def 2021-12-14 L3 backend support: PDF output (pdfTeX)
\l__color_backend_stack_int=\count275
\l__pdf_internal_box=\box53
) (HW2.aux)
\openout1 = `HW2.aux'.

LaTeX Font Info:    Checking defaults for OML/cmm/m/it on input line 39.
LaTeX Font Info:    ... okay on input line 39.
LaTeX Font Info:    Checking defaults for OMS/cmsy/m/n on input line 39.
LaTeX Font Info:    ... okay on input line 39.
LaTeX Font Info:    Checking defaults for OT1/cmr/m/n on input line 39.
LaTeX Font Info:    ... okay on input line 39.
LaTeX Font Info:    Checking defaults for T1/cmr/m/n on input line 39.
LaTeX Font Info:    ... okay on input line 39.
LaTeX Font Info:    Checking defaults for TS1/cmr/m/n on input line 39.
LaTeX Font Info:    ... okay on input line 39.
LaTeX Font Info:    Checking defaults for OMX/cmex/m/n on input line 39.
LaTeX Font Info:    ... okay on input line 39.
LaTeX Font Info:    Checking defaults for U/cmr/m/n on input line 39.
LaTeX Font Info:    ... okay on input line 39.
 (C:\Users\admin\AppData\Local\Programs\MiKTeX\tex/context/base/mkii\supp-pdf.mkii
[Loading MPS to PDF converter (version 2006.09.02).]
\scratchcounter=\count276
\scratchdimen=\dimen160
\scratchbox=\box54
\nofMPsegments=\count277
\nofMParguments=\count278
\everyMPshowfont=\toks23
\MPscratchCnt=\count279
\MPscratchDim=\dimen161
\MPnumerator=\count280
\makeMPintoPDFobject=\count281
\everyMPtoPDFconversion=\toks24
) (C:\Users\admin\AppData\Local\Programs\MiKTeX\tex/latex/epstopdf-pkg\epstopdf-base.sty
Package: epstopdf-base 2020-01-24 v2.11 Base part for package epstopdf
Package epstopdf-base Info: Redefining graphics rule for `.eps' on input line 485.
 (C:\Users\admin\AppData\Local\Programs\MiKTeX\tex/latex/00miktex\epstopdf-sys.cfg
File: epstopdf-sys.cfg 2021/03/18 v2.0 Configuration of epstopdf for MiKTeX
))
LaTeX Font Info:    Trying to load font information for U+msa on input line 66.
 (C:\Users\admin\AppData\Local\Programs\MiKTeX\tex/latex/amsfonts\umsa.fd
File: umsa.fd 2013/01/14 v3.01 AMS symbols A
)
LaTeX Font Info:    Trying to load font information for U+msb on input line 66.
 (C:\Users\admin\AppData\Local\Programs\MiKTeX\tex/latex/amsfonts\umsb.fd
File: umsb.fd 2013/01/14 v3.01 AMS symbols B
) [1

{C:/Users/admin/AppData/Local/MiKTeX/fonts/map/pdftex/pdftex.map}] [2]
Overfull \hbox (9.17465pt too wide) detected at line 178
[]
 []

[3] [4] [5]
Overfull \hbox (18.8804pt too wide) detected at line 288
[]
 []

[6] [7] [8] [9] [10] [11] [12]
Overfull \hbox (39.43219pt too wide) detected at line 534
[]
 []

[13]
Overfull \hbox (12.62918pt too wide) detected at line 565
[]
 []

[14] [15] [16] [17]
<plots/4b-1.jpg, id=69, 1132.23pt x 840.13875pt>
File: plots/4b-1.jpg Graphic file (type jpg)
<use plots/4b-1.jpg>
Package pdftex.def Info: plots/4b-1.jpg  used on input line 743.
(pdftex.def)             Requested size: 281.85587pt x 209.13681pt.
 [18]
<plots/4b-2.JPG, id=73, 432.61626pt x 299.1175pt>
File: plots/4b-2.JPG Graphic file (type jpg)
<use plots/4b-2.JPG>
Package pdftex.def Info: plots/4b-2.JPG  used on input line 750.
(pdftex.def)             Requested size: 187.89914pt x 129.91423pt.
<plots/4b-3.JPG, id=74, 473.26813pt x 311.66437pt>
File: plots/4b-3.JPG Graphic file (type jpg)
<use plots/4b-3.JPG>
Package pdftex.def Info: plots/4b-3.JPG  used on input line 752.
(pdftex.def)             Requested size: 187.89914pt x 123.73619pt.
<plots/4b-set1.jpg, id=75, 1164.35pt x 1059.96pt>
File: plots/4b-set1.jpg Graphic file (type jpg)
<use plots/4b-set1.jpg>
Package pdftex.def Info: plots/4b-set1.jpg  used on input line 759.
(pdftex.def)             Requested size: 281.85587pt x 256.57904pt.
 [19 <./plots/4b-1.jpg> <./plots/4b-2.JPG> <./plots/4b-3.JPG>]
<plots/4b-set2.jpg, id=80, 1165.35374pt x 1054.94125pt>
File: plots/4b-set2.jpg Graphic file (type jpg)
<use plots/4b-set2.jpg>
Package pdftex.def Info: plots/4b-set2.jpg  used on input line 766.
(pdftex.def)             Requested size: 281.85587pt x 255.13882pt.
 [20 <./plots/4b-set1.jpg> <./plots/4b-set2.jpg>]
<plots/4b-sym.jpg, id=84, 527.47063pt x 391.96437pt>
File: plots/4b-sym.jpg Graphic file (type jpg)
<use plots/4b-sym.jpg>
Package pdftex.def Info: plots/4b-sym.jpg  used on input line 772.
(pdftex.def)             Requested size: 281.85587pt x 209.44467pt.
<plots/4b-set3.jpg, id=85, 1152.305pt x 1045.9075pt>
File: plots/4b-set3.jpg Graphic file (type jpg)
<use plots/4b-set3.jpg>
Package pdftex.def Info: plots/4b-set3.jpg  used on input line 777.
(pdftex.def)             Requested size: 281.85587pt x 255.82666pt.
 [21 <./plots/4b-sym.jpg> <./plots/4b-set3.jpg>]
<plots/4b-situations.jpg, id=89, 1185.42876pt x 1363.0925pt>
File: plots/4b-situations.jpg Graphic file (type jpg)
<use plots/4b-situations.jpg>
Package pdftex.def Info: plots/4b-situations.jpg  used on input line 800.
(pdftex.def)             Requested size: 281.85587pt x 324.09142pt.
 [22 <./plots/4b-situations.jpg>]
<plots/4b-phase1.jpg, id=93, 1019.81pt x 1025.8325pt>
File: plots/4b-phase1.jpg Graphic file (type jpg)
<use plots/4b-phase1.jpg>
Package pdftex.def Info: plots/4b-phase1.jpg  used on input line 807.
(pdftex.def)             Requested size: 281.85587pt x 283.52141pt.
<plots/4b-phase2.jpg, id=94, 1039.885pt x 1026.83624pt>
File: plots/4b-phase2.jpg Graphic file (type jpg)
<use plots/4b-phase2.jpg>
Package pdftex.def Info: plots/4b-phase2.jpg  used on input line 814.
(pdftex.def)             Requested size: 281.85587pt x 278.31493pt.
 [23 <./plots/4b-phase1.jpg>]
<plots/4b-phase3.jpg, id=98, 1124.2pt x 1087.06125pt>
File: plots/4b-phase3.jpg Graphic file (type jpg)
<use plots/4b-phase3.jpg>
Package pdftex.def Info: plots/4b-phase3.jpg  used on input line 821.
(pdftex.def)             Requested size: 281.85587pt x 272.54424pt.
 [24 <./plots/4b-phase2.jpg>]
<plots/4b-phase4.jpg, id=102, 1074.0125pt x 1017.8025pt>
File: plots/4b-phase4.jpg Graphic file (type jpg)
<use plots/4b-phase4.jpg>
Package pdftex.def Info: plots/4b-phase4.jpg  used on input line 827.
(pdftex.def)             Requested size: 281.85587pt x 267.09174pt.
 [25 <./plots/4b-phase3.jpg> <./plots/4b-phase4.jpg>] [26] [27] [28]
Overfull \hbox (8.86635pt too wide) detected at line 961
[]
 []

[29] [30] [31] [32] [33] [34] [35] [36] [37] [38] [39] [40] [41] [42] (HW2.aux) ) 
Here is how much of TeX's memory you used:
 3276 strings out of 478659
 51831 string characters out of 2845920
 367382 words of memory out of 3000000
 21353 multiletter control sequences out of 15000+600000
 409027 words of font info for 48 fonts, out of 8000000 for 9000
 1141 hyphenation exceptions out of 8191
 55i,13n,62p,729b,274s stack positions out of 5000i,500n,10000p,200000b,80000s
<C:/Users/admin/AppData/Local/Programs/MiKTeX/fonts/type1/public/amsfonts/cm/cmbx12.pfb><C:/Users/admin/AppData/Local/Programs/MiKTeX/fonts/type1/public/amsfonts/cm/cmex10.pfb><C:/Users/admin/AppData/Local/Programs/MiKTeX/fonts/type1/public/amsfonts/cmextra/cmex8.pfb><C:/Users/admin/AppData/Local/Programs/MiKTeX/fonts/type1/public/amsfonts/cm/cmmi12.pfb><C:/Users/admin/AppData/Local/Programs/MiKTeX/fonts/type1/public/amsfonts/cm/cmmi6.pfb><C:/Users/admin/AppData/Local/Programs/MiKTeX/fonts/type1/public/amsfonts/cm/cmmi8.pfb><C:/Users/admin/AppData/Local/Programs/MiKTeX/fonts/type1/public/amsfonts/cm/cmr12.pfb><C:/Users/admin/AppData/Local/Programs/MiKTeX/fonts/type1/public/amsfonts/cm/cmr6.pfb><C:/Users/admin/AppData/Local/Programs/MiKTeX/fonts/type1/public/amsfonts/cm/cmr8.pfb><C:/Users/admin/AppData/Local/Programs/MiKTeX/fonts/type1/public/amsfonts/cm/cmsy10.pfb><C:/Users/admin/AppData/Local/Programs/MiKTeX/fonts/type1/public/amsfonts/cm/cmsy6.pfb><C:/Users/admin/AppData/Local/Programs/MiKTeX/fonts/type1/public/amsfonts/cm/cmsy8.pfb><C:/Users/admin/AppData/Local/Programs/MiKTeX/fonts/type1/public/amsfonts/cm/cmti12.pfb><C:/Users/admin/AppData/Local/Programs/MiKTeX/fonts/type1/public/amsfonts/symbols/msam10.pfb><C:/Users/admin/AppData/Local/Programs/MiKTeX/fonts/type1/public/amsfonts/symbols/msbm10.pfb>
Output written on HW2.pdf (42 pages, 1833762 bytes).
PDF statistics:
 225 PDF objects out of 1000 (max. 8388607)
 0 named destinations out of 1000 (max. 500000)
 61 words of extra memory for PDF output out of 10000 (max. 10000000)

